NEW ITERATION
[31m TIC TAC TOE 


Board:

   -   -   -   -   -   -   -

   -   -   -   -   -   -   -

   -   -   -   -   -   -   -

   -   -   -   -   -   -   -

   -   -   -   -   -   -   -

   -   -   -   -   -   -   -

   -   -   -   -   -   -   -[31m TIC TAC TOE 


Board:

   -   -   -   -   -   -   -

   -   -   -   -   -   -   -

   -   -   -   -   -   -   -

   -   -   -   -   -
   -   -

   -   -   -   -   -   -   -

   -   -   -   -   -   -   -

   -   -   -   -   -   -   -
Finished searching through positions in tree:-14 max depth:284 bestTotal time = 0.001853 seconds
[31m COMPUTER MOVE 
handled by thread, thread id: 1
elapsed time performing move: = 0.001881 seconds
Game over!
Human Wins
Finished searching through positions in tree:-14 max depth:284 bestTotal time = 0.001916 seconds
[31m COMPUTER MOVE 
handled by thread, thread id: 0
elapsed time performing move: = 0.001970 seconds
Finished searching through positions in tree:31 max depth:15 best move:11


Board:

   X   -   -   -   -   -   -

   -   -   -   -   -   -   -

   -   -   -   -   -   -   -

   -   -   -   -   -   -   -

   -   -   -   -   -   -   -

   -   -   -   -   -   -   -

   -   -   -   -   -   -   -
[0m PLAYER MOVE 
handled by thread, thread id: 0
elapsed time performing move: = 0.002013 seconds
Finished searching through positions in tree:-14 max depth:284 bestTotal time = 0.001752 seconds
[31m COMPUTER MOVE 
handled by thread, thread id: 0
elapsed time performing move: = 0.003766 seconds
Finished searching through positions in tree:17 max depth:8 best move:12


Board:

   X   X   -   -   -   -   -

   -   -   -   -   -   -   -

   O   -   -   -   -   -   -

   -   -   -   -   -   -   -

   -   -   -   -   -   -   -

   -   -   -   -   -   -   -

   -   -   -   -   -   -   -
[0m PLAYER MOVE 
handled by thread, thread id: 0
elapsed time performing move: = 0.003791 seconds
Finished searching through positions in tree:-1 max depth:284 bestTotal time = 0.000109 seconds
[31m COMPUTER MOVE 
handled by thread, thread id: 0
elapsed time performing move: = 0.003902 seconds
Finished searching through positions in tree:13 max depth:6 best move:14


Board:

   X   X   O   X   -   -   -

   -   -   -   -   -   -   -

   O   -   -   -   -   -   -

   -   -   -   -   -   -   -

   -   -   -   -   -   -   -

   -   -   -   -   -   -   -

   -   -   -   -   -   -   -
[0m PLAYER MOVE 
handled by thread, thread id: 0
elapsed time performing move: = 0.003923 seconds
Finished searching through positions in tree:-14 max depth:284 bestTotal time = 0.001186 seconds
[31m COMPUTER MOVE 
handled by thread, thread id: 0
elapsed time performing move: = 0.005110 seconds
Finished searching through positions in tree:9 max depth:4 best move:16


Board:

   X   X   O   X   O   X   -

   -   -   -   -   -   -   -

   O   -   -   -   -   -   -

   -   -   -   -   -   -   -

   -   -   -   -   -   -   -

   -   -   -   -   -   -   -

   -   -   -   -   -   -   -
[0m PLAYER MOVE 
handled by thread, thread id: 0
elapsed time performing move: = 0.005127 seconds
Finished searching through positions in tree:-7 max depth:284 bestTotal time = 0.000468 seconds
[31m COMPUTER MOVE 
handled by thread, thread id: 0
elapsed time performing move: = 0.005597 seconds
Finished searching through positions in tree:5 max depth:2 best move:20


Board:

   X   X   O   X   O   X   O

   X   -   -   -   -   -   -

   O   -   -   -   -   -   -

   -   -   -   -   -   -   -

   -   -   -   -   -   -   -

   -   -   -   -   -   -   -

   -   -   -   -   -   -   -
[0m PLAYER MOVE 
handled by thread, thread id: 0
elapsed time performing move: = 0.005609 seconds
Finished searching through positions in tree:-7 max depth:284 bestTotal time = 0.000251 seconds
[31m COMPUTER MOVE 
handled by thread, thread id: 0
elapsed time performing move: = 0.005862 seconds
Game over!
Human Wins
Elapsed game time = 0.006401 secondsNEW ITERATION
[31m TIC TAC TOE 


Board:

   -   -   -   -   -   -   -

   -   -   -   -   -   -   -

   -   -   -[31m TIC TAC TOE 


Board:

   -   -   -   -   -   -   -

   -   -   -   -   -   -   -

   -   -   -   -   -   -   -

   -   -   -   -   -   -   -

   -   -   -   -   -   -   -

   -   -   -   -   -   -   -   -

   -   -   -   -   -   -   -

   -   -   -   -   -   -   -

   -   -   -   -   -   -   -

   -   -   -   -   -   -   -
   -   -   -

   -   -   -   -   -   -   -
Finished searching through positions in tree:-14 max depth:284 bestTotal time = 0.001835 seconds
[31m COMPUTER MOVE 
handled by thread, thread id: 1
elapsed time performing move: = 0.001871 seconds
Finished searching through positions in tree:-14 max depth:284 bestTotal time = 0.001864 seconds
[31m COMPUTER MOVE 
handled by thread, thread id: 0
elapsed time performing move: = 0.001910 seconds
Finished searching through positions in tree:4 max depth:1 best move:-2


Board:

   -   -   -   O   -   -   -

   -   -   -   -   -   -   -

   -   -   -   -   -   -   -

   -   -   -   -   -   -   -

   -   -   -   -   -   -   -

   -   -   -   -   -   -   -

   -   -   -   -   -   -   -
[0m PLAYER MOVE 
handled by thread, thread id: 1
elapsed time performing move: = 0.001900 seconds
Finished searching through positions in tree:31 max depth:1 best move:2


Board:

   -   -   -   -   -   -   -

   -   -   -   -   -   -   -

   -   -   -   -   -   -   -

   -   -   -   -   -   -   -

   -   -   -   -   -   -   -

   -   -   -   -   -   -   -

   -   -   -   -   -   -   -
[0m PLAYER MOVE 
handled by thread, thread id: 0
elapsed time performing move: = 0.001929 seconds
Finished searching through positions in tree:-14 max depth:284 bestTotal time = 0.001657 seconds
[31m COMPUTER MOVE 
handled by thread, thread id: 1
elapsed time performing move: = 0.003560 seconds
Finished searching through positions in tree:12 max depth:6 best move:-1


Board:

   -   -   -   O   -   -   -

   -   -   -   -   -   -   -

   -   -   -   -   -   -   -

   -   -   -   -   -   -   -

   -   -   -   -   -   -   -

   -   -   -   -   -   -   -

   -   -   -   -   -   -   -
[0m PLAYER MOVE 
handled by thread, thread id: 1
elapsed time performing move: = 0.003574 seconds
Finished searching through positions in tree:-14 max depth:284 bestTotal time = 0.001895 seconds
[31m COMPUTER MOVE 
handled by thread, thread id: 0
elapsed time performing move: = 0.003826 seconds
Finished searching through positions in tree:77 max depth:14 best move:-2


Board:

   -   -   -   -   -   -   -

   -   -   -   -   -   -   -

   -   -   -   -   -   -   -

   -   -   -   -   -   -   -

   -   -   -   -   -   -   -

   -   -   -   -   -   -   -

   -   -   -   -   -   -   -
[0m PLAYER MOVE 
handled by thread, thread id: 0
elapsed time performing move: = 0.003874 seconds
Finished searching through positions in tree:-14 max depth:284 bestTotal time = 0.000351 seconds
[31m COMPUTER MOVE 
handled by thread, thread id: 1
elapsed time performing move: = 0.003927 seconds
Game over!
Human Wins
Finished searching through positions in tree:-14 max depth:284 bestTotal time = 0.001279 seconds
[31m COMPUTER MOVE 
handled by thread, thread id: 0
elapsed time performing move: = 0.005156 seconds
Finished searching through positions in tree:31 max depth:15 best move:11


Board:

   X   -   -   -   -   -   -

   -   -   -   -   -   -   -

   -   -   -   -   -   -   -

   -   -   -   -   -   -   -

   -   -   -   -   -   -   -

   -   -   -   -   -   -   -

   -   -   -   -   -   -   -
[0m PLAYER MOVE 
handled by thread, thread id: 0
elapsed time performing move: = 0.005197 seconds
Finished searching through positions in tree:-14 max depth:284 bestTotal time = 0.000525 seconds
[31m COMPUTER MOVE 
handled by thread, thread id: 0
elapsed time performing move: = 0.005725 seconds
Game over!
Human Wins
Elapsed game time = 0.006275 secondsNEW ITERATION
[31m TIC TAC TOE 


Board:

   -   -   -   -   -   -   -

   -   -   -   -   -   -   -

   -   -   -   -   -   -   -

   -   -   -   -   -[31m TIC TAC TOE 


Board:

   -   -   -   -   -   -   -

   -   -   -   -   -   -   -

   -   -   -   -   -   -   -

   -   -   -   -   -   -   -

   -   -   -   -   -

   -   -   -   -   -   -   -

   -   -   -   -   -   -   -

   -   -   -   -   -   -   -
   -   -   -   -

   -   -   -   -   -   -   -

   -   -   -   -   -   -   -
Finished searching through positions in tree:0 max depth:284 bestTotal time = 0.000926 seconds
[31m COMPUTER MOVE 
handled by thread, thread id: 0
elapsed time performing move: = 0.001000 seconds
Finished searching through positions in tree:0 max depth:284 bestTotal time = 0.000957 seconds
[31m COMPUTER MOVE 
handled by thread, thread id: 1
elapsed time performing move: = 0.000994 seconds
Game over!
Human Wins
Finished searching through positions in tree:31 max depth:15 best move:11


Board:

   X   -   -   -   -   -   -

   -   -   -   -   -   -   -

   -   -   -   -   -   -   -

   -   -   -   -   -   -   -

   -   -   -   -   -   -   -

   -   -   -   -   -   -   -

   -   -   -   -   -   -   -
[0m PLAYER MOVE 
handled by thread, thread id: 0
elapsed time performing move: = 0.001043 seconds
Finished searching through positions in tree:-14 max depth:284 bestTotal time = 0.001728 seconds
[31m COMPUTER MOVE 
handled by thread, thread id: 0
elapsed time performing move: = 0.002774 seconds
Finished searching through positions in tree:17 max depth:8 best move:12


Board:

   X   X   -   -   -   -   -

   -   -   -   -   -   -   -

   O   -   -   -   -   -   -

   -   -   -   -   -   -   -

   -   -   -   -   -   -   -

   -   -   -   -   -   -   -

   -   -   -   -   -   -   -
[0m PLAYER MOVE 
handled by thread, thread id: 0
elapsed time performing move: = 0.002798 seconds
Finished searching through positions in tree:-1 max depth:284 bestTotal time = 0.000110 seconds
[31m COMPUTER MOVE 
handled by thread, thread id: 0
elapsed time performing move: = 0.002910 seconds
Finished searching through positions in tree:13 max depth:6 best move:14


Board:

   X   X   O   X   -   -   -

   -   -   -   -   -   -   -

   O   -   -   -   -   -   -

   -   -   -   -   -   -   -

   -   -   -   -   -   -   -

   -   -   -   -   -   -   -

   -   -   -   -   -   -   -
[0m PLAYER MOVE 
handled by thread, thread id: 0
elapsed time performing move: = 0.002931 seconds
Finished searching through positions in tree:-14 max depth:284 bestTotal time = 0.001180 seconds
[31m COMPUTER MOVE 
handled by thread, thread id: 0
elapsed time performing move: = 0.004113 seconds
Finished searching through positions in tree:9 max depth:4 best move:16


Board:

   X   X   O   X   O   X   -

   -   -   -   -   -   -   -

   O   -   -   -   -   -   -

   -   -   -   -   -   -   -

   -   -   -   -   -   -   -

   -   -   -   -   -   -   -

   -   -   -   -   -   -   -
[0m PLAYER MOVE 
handled by thread, thread id: 0
elapsed time performing move: = 0.004129 seconds
Finished searching through positions in tree:-7 max depth:284 bestTotal time = 0.000458 seconds
[31m COMPUTER MOVE 
handled by thread, thread id: 0
elapsed time performing move: = 0.004589 seconds
Finished searching through positions in tree:5 max depth:2 best move:20


Board:

   X   X   O   X   O   X   O

   X   -   -   -   -   -   -

   O   -   -   -   -   -   -

   -   -   -   -   -   -   -

   -   -   -   -   -   -   -

   -   -   -   -   -   -   -

   -   -   -   -   -   -   -
[0m PLAYER MOVE 
handled by thread, thread id: 0
elapsed time performing move: = 0.004600 seconds
Finished searching through positions in tree:-7 max depth:284 bestTotal time = 0.000269 seconds
[31m COMPUTER MOVE 
handled by thread, thread id: 0
elapsed time performing move: = 0.004871 seconds
Game over!
Human Wins
Elapsed game time = 0.005737 secondsNEW ITERATION
[31m TIC TAC TOE 


Board:

   -   -   -   -   -   -   -

   -   -   -   -   -   -   -

   -   -   -   -   -   -   -

   -   -   -   -   -   -   -

   -   -   -[31m TIC TAC TOE 


Board:

   -   -   -   -   -   -   -

   -   -   -   -   -   -   -

   -   -   -   -   -   -   -

   -   -   -   -   -   -   -   -   -   -   -

   -   -   -   -   -   -   -

   -   -   -   -   -   -   -


   -   -   -   -   -   -   -

   -   -   -   -   -   -   -

   -   -   -   -   -   -   -
Finished searching through positions in tree:-14 max depth:284 bestTotal time = 0.001854 seconds
[31m COMPUTER MOVE 
handled by thread, thread id: 1
elapsed time performing move: = 0.001892 seconds
Game over!
Human Wins
Finished searching through positions in tree:-14 max depth:284 bestTotal time = 0.001896 seconds
[31m COMPUTER MOVE 
handled by thread, thread id: 0
elapsed time performing move: = 0.001944 seconds
Finished searching through positions in tree:31 max depth:15 best move:11


Board:

   X   -   -   -   -   -   -

   -   -   -   -   -   -   -

   -   -   -   -   -   -   -

   -   -   -   -   -   -   -

   -   -   -   -   -   -   -

   -   -   -   -   -   -   -

   -   -   -   -   -   -   -
[0m PLAYER MOVE 
handled by thread, thread id: 0
elapsed time performing move: = 0.001986 seconds
Finished searching through positions in tree:-14 max depth:284 bestTotal time = 0.001733 seconds
[31m COMPUTER MOVE 
handled by thread, thread id: 0
elapsed time performing move: = 0.003721 seconds
Finished searching through positions in tree:17 max depth:8 best move:12


Board:

   X   X   -   -   -   -   -

   -   -   -   -   -   -   -

   O   -   -   -   -   -   -

   -   -   -   -   -   -   -

   -   -   -   -   -   -   -

   -   -   -   -   -   -   -

   -   -   -   -   -   -   -
[0m PLAYER MOVE 
handled by thread, thread id: 0
elapsed time performing move: = 0.003745 seconds
Finished searching through positions in tree:-1 max depth:284 bestTotal time = 0.000109 seconds
[31m COMPUTER MOVE 
handled by thread, thread id: 0
elapsed time performing move: = 0.003856 seconds
Finished searching through positions in tree:13 max depth:6 best move:14


Board:

   X   X   O   X   -   -   -

   -   -   -   -   -   -   -

   O   -   -   -   -   -   -

   -   -   -   -   -   -   -

   -   -   -   -   -   -   -

   -   -   -   -   -   -   -

   -   -   -   -   -   -   -
[0m PLAYER MOVE 
handled by thread, thread id: 0
elapsed time performing move: = 0.003876 seconds
Finished searching through positions in tree:-14 max depth:284 bestTotal time = 0.001181 seconds
[31m COMPUTER MOVE 
handled by thread, thread id: 0
elapsed time performing move: = 0.005058 seconds
Finished searching through positions in tree:9 max depth:4 best move:16


Board:

   X   X   O   X   O   X   -

   -   -   -   -   -   -   -

   O   -   -   -   -   -   -

   -   -   -   -   -   -   -

   -   -   -   -   -   -   -

   -   -   -   -   -   -   -

   -   -   -   -   -   -   -
[0m PLAYER MOVE 
handled by thread, thread id: 0
elapsed time performing move: = 0.005075 seconds
Finished searching through positions in tree:-7 max depth:284 bestTotal time = 0.000523 seconds
[31m COMPUTER MOVE 
handled by thread, thread id: 0
elapsed time performing move: = 0.005601 seconds
Finished searching through positions in tree:5 max depth:2 best move:20


Board:

   X   X   O   X   O   X   O

   X   -   -   -   -   -   -

   O   -   -   -   -   -   -

   -   -   -   -   -   -   -

   -   -   -   -   -   -   -

   -   -   -   -   -   -   -

   -   -   -   -   -   -   -
[0m PLAYER MOVE 
handled by thread, thread id: 0
elapsed time performing move: = 0.005615 seconds
Finished searching through positions in tree:-7 max depth:284 bestTotal time = 0.000311 seconds
[31m COMPUTER MOVE 
handled by thread, thread id: 0
elapsed time performing move: = 0.005928 seconds
Game over!
Human Wins
Elapsed game time = 0.006596 secondsNEW ITERATION
[31m TIC TAC TOE 


Board:

   -   -   -   -   -   -   -

   -   -   -   -   -   -   -

   -   -   -   -   -   -[31m TIC TAC TOE 


Board:

   -   -   -   -   -   -   -

   -   -   -   -   -   -   -

   -   -   -   -   -   -   -

   -   -   -   -   -   -   -

   -   -   -   -   -   -   -   -

   -   -   -   -   -   -   -

   -   -   -   -   -   -   -

   -   -   -   -   -   -   -

   -   -   -   -   -   -   -


   -   -   -   -   -   -   -

   -   -   -   -   -   -   -
Finished searching through positions in tree:0 max depth:284 bestTotal time = 0.001786 seconds
[31m COMPUTER MOVE 
handled by thread, thread id: 0
elapsed time performing move: = 0.001844 seconds
Finished searching through positions in tree:0 max depth:284 bestTotal time = 0.001808 seconds
[31m COMPUTER MOVE 
handled by thread, thread id: 1
elapsed time performing move: = 0.001841 seconds
Finished searching through positions in tree:29 max depth:14 best move:-2


Board:

   -   -   -   -   -   -   -

   -   -   -   -   -   -   -

   -   -   -   -   -   -   -

   -   -   -   -   -   -   -

   -   -   -   -   -   -   -

   -   -   -   -   -   -   -

   -   -   -   -   -   -   -
[0m PLAYER MOVE 
handled by thread, thread id: 0
elapsed time performing move: = 0.001888 seconds
Finished searching through positions in tree:17 max depth:9 best move:2


Board:

   -   -   -   -   -   -   -

   -   -   -   -   -   -   -

   -   -   -   -   -   -   -

   -   -   -   -   -   -   -

   -   -   -   -   -   -   -

   -   -   -   -   -   -   -

   -   -   -   -   -   -   -
[0m PLAYER MOVE 
handled by thread, thread id: 1
elapsed time performing move: = 0.001884 seconds
Finished searching through positions in tree:0 max depth:284 bestTotal time = 0.000833 seconds
[31m COMPUTER MOVE 
handled by thread, thread id: 0
elapsed time performing move: = 0.002723 seconds
Finished searching through positions in tree:55 max depth:28 best move:-2


Board:

   -   -   -   -   -   -   -

   -   -   -   -   -   -   -

   -   -   -   -   -   -   -

   -   -   -   -   -   -   -

   -   -   -   -   -   -   -

   -   -   -   -   -   -   -

   -   -   -   -   -   -   -
[0m PLAYER MOVE 
handled by thread, thread id: 0
elapsed time performing move: = 0.002773 seconds
Finished searching through positions in tree:-14 max depth:284 bestTotal time = 0.000897 seconds
[31m COMPUTER MOVE 
handled by thread, thread id: 1
elapsed time performing move: = 0.002783 seconds
Finished searching through positions in tree:62 max depth:16 best move:1


Board:

   -   -   -   -   -   -   -

   -   -   -   -   -   -   -

   -   -   -   -   -   -   -

   -   -   -   -   -   -   -

   -   -   -   -   -   -   -

   -   -   -   -   -   -   -

   -   -   -   -   -   -   -
[0m PLAYER MOVE 
handled by thread, thread id: 1
elapsed time performing move: = 0.002820 seconds
Finished searching through positions in tree:-14 max depth:284 bestTotal time = 0.001726 seconds
[31m COMPUTER MOVE 
handled by thread, thread id: 0
elapsed time performing move: = 0.004502 seconds
Finished searching through positions in tree:62 max depth:16 best move:1


Board:

   -   -   -   -   -   -   -

   -   -   -   -   -   -   -

   -   -   -   -   -   -   -

   -   -   -   -   -   -   -

   -   -   -   -   -   -   -

   -   -   -   -   -   -   -

   -   -   -   -   -   -   -
[0m PLAYER MOVE 
handled by thread, thread id: 0
elapsed time performing move: = 0.004539 seconds
Finished searching through positions in tree:-14 max depth:284 bestTotal time = 0.001702 seconds
[31m COMPUTER MOVE 
handled by thread, thread id: 1
elapsed time performing move: = 0.004523 seconds
Finished searching through positions in tree:64 max depth:14 best move:-2


Board:

   -   -   -   -   -   -   -

   -   -   -   -   -   -   -

   -   -   -   -   -   -   -

   -   -   -   -   -   -   -

   -   -   -   -   -   -   -

   -   -   -   -   -   -   -

   -   -   -   -   -   -   -
[0m PLAYER MOVE 
handled by thread, thread id: 1
elapsed time performing move: = 0.004558 seconds
Finished searching through positions in tree:0 max depth:284 bestTotal time = 0.001246 seconds
[31m COMPUTER MOVE 
handled by thread, thread id: 0
elapsed time performing move: = 0.005789 seconds
Finished searching through positions in tree:57 max depth:12 best move:-2


Board:

   -   -   -   -   -   -   -

   -Finished searching through positions in tree:0 max depth:284 best   -Total time = 0.001239 seconds
[31m COMPUTER MOVE 
handled by thread, thread id: 1
elapsed time performing move: = 0.005807 seconds
   -   -   -   -   -

   -   -   -   -   -   -   -

   -   -   -   -   -   -   -

   -   -   -   -   -   -   -

   -   -   -   -   -   -   -

   -   -   -   -   -   -   -
[0m PLAYER MOVE 
handled by thread, thread id: 0
elapsed time performing move: = 0.005843 seconds
Finished searching through positions in tree:31 max depth:15 best move:11


Board:

   X   -   -   -   -   -   -

   -   -   -   -   -   -   -

   -   -   -   -   -   -   -

   -   -   -   -   -   -   -

   -   -   -   -   -   -   -

   -   -   -   -   -   -   -

   -   -   -   -   -   -   -
[0m PLAYER MOVE 
handled by thread, thread id: 1
elapsed time performing move: = 0.005850 seconds
Finished searching through positions in tree:-14 max depth:284 bestTotal time = 0.001640 seconds
[31m COMPUTER MOVE 
handled by thread, thread id: 1
elapsed time performing move: = 0.007491 seconds
Finished searching through positions in tree:14 max depth:6 best move:-1


Board:

   X   -   -   -   -   -   -

   -   -   -   -   -   -   -

   -   -   -   -   -   -   -

   -   -   -   -   -   -   -

   -   -   -   -   -   -   -

   -   -   -   -   -   -   -

   -   -   -   -   -   -   -
[0m PLAYER MOVE 
handled by thread, thread id: 1
elapsed time performing move: = 0.007506 seconds
Finished searching through positions in tree:-14 max depth:284 bestTotal time = 0.001929 seconds
[31m COMPUTER MOVE 
handled by thread, thread id: 0
elapsed time performing move: = 0.007774 seconds
Finished searching through positions in tree:71 max depth:18 best move:-2


Board:

   -   -   -   -   -   -   -

   -   -   -   -   -   -   -

   -   -   -   -   -   -   -

   -   -   -   -   -   -   -

   -   -   -   -   -   -   -

   -   -   -   -   -   -   -

   -   -   -   -   -   -   -
[0m PLAYER MOVE 
handled by thread, thread id: 0
elapsed time performing move: = 0.007819 seconds
Finished searching through positions in tree:-14 max depth:284 bestTotal time = 0.000333 seconds
[31m COMPUTER MOVE 
handled by thread, thread id: 1
elapsed time performing move: = 0.007841 seconds
Finished searching through positions in tree:12 max depth:6 best move:-1


Board:

   X   -   -   -   -   -   -

   -   -   -   -   -   -   -

   -   -   -   -   -   -   -

   -   -   -   -   -   -   -

   -   -   -   -   -   -   -

   -   -   -   -   -   -   -

   -   -   -   -   -   -   -
[0m PLAYER MOVE 
handled by thread, thread id: 1
elapsed time performing move: = 0.007854 seconds
Finished searching through positions in tree:-14 max depth:284 bestTotal time = 0.000290 seconds
[31m COMPUTER MOVE 
handled by thread, thread id: 1
elapsed time performing move: = 0.008146 seconds
Finished searching through positions in tree:17 max depth:8 best move:-1


Board:

   X   -   -   -   -   -   -

   -   -   -   -   -   -   -

   -   -   -   -   -   -   -

   -   -   -   -   -   -   -

   -   -   -   -   -   -   -

   -   -   -   -   -   -   -

   -   -   -   -   -   -   -
[0m PLAYER MOVE 
handled by thread, thread id: 1
elapsed time performing move: = 0.008160 seconds
Finished searching through positions in tree:-14 max depth:284 bestTotal time = 0.000357 seconds
[31m COMPUTER MOVE 
handled by thread, thread id: 1
elapsed time performing move: = 0.008519 seconds
Finished searching through positions in tree:16 max depth:7 best move:-1


Board:

   X   -   -   -   -   -   -

   -   -   -   -   -   -   -

   -   -   -   -   -   -   -

   -   -   -   -   -   -   -

   -   -   -   -   -   -   -

   -   -   -   -   -   -   -

   -   -   -   -   -   -   -
[0m PLAYER MOVE 
handled by thread, thread id: 1
elapsed time performing move: = 0.008535 seconds
Finished searching through positions in tree:-14 max depth:284 bestTotal time = 0.000508 seconds
[31m COMPUTER MOVE 
handled by thread, thread id: 1
elapsed time performing move: = 0.009046 seconds
Finished searching through positions in tree:14 max depth:6 best move:-1


Board:

   X   -   -   -   -   -   -

   -   -   -   -   -   -   -

   -   -   -   -   -   -   -

   -   -   -   -   -   -   -

   -   -   -   -   -   -   -

   -   -   -   -   -   -   -

   -   -   -   -   -   -   -
[0m PLAYER MOVE 
handled by thread, thread id: 1
elapsed time performing move: = 0.009063 seconds
Finished searching through positions in tree:-14 max depth:284 bestTotal time = 0.001434 seconds
[31m COMPUTER MOVE 
handled by thread, thread id: 0
elapsed time performing move: = 0.009255 seconds
Finished searching through positions in tree:66 max depth:15 best move:11


Board:

   X   -   -   -   -   -   -

   -   -   -   -   -   -   -

   -   -   -   -   -   -   -

   -   -   -   -   -   -   -

   -   -   -   -   -   -   -

   -   -   -   -   -   -   -

   -   -   -   -   -   -   -
[0m PLAYER MOVE 
handled by thread, thread id: 0
elapsed time performing move: = 0.009298 seconds
Finished searching through positions in tree:-14 max depth:284 bestTotal time = 0.000523 seconds
[31m COMPUTER MOVE 
handled by thread, thread id: 1
elapsed time performing move: = 0.009588 seconds
Finished searching through positions in tree:33 max depth:2 best move:-2


Board:

   X   -   -   -   -   -   -

   -   -   -   -   -   -   -

   -   -   -   -   -   -   -

   -   -   -   -   -   -   -

   -   -   -   -   -   -   -

   -   -   -   -   -   -   -

   -   -   -   -   -   -   -
[0m PLAYER MOVE 
handled by thread, thread id: 1
elapsed time performing move: = 0.009604 seconds
Finished searching through positions in tree:-14 max depth:284 bestTotal time = 0.000326 seconds
[31m COMPUTER MOVE 
handled by thread, thread id: 1
elapsed time performing move: = 0.009931 seconds
Finished searching through positions in tree:13 max depth:6 best move:-1


Board:

   X   -   -   -   -   -   -

   -   -   -   -   -   -   -

   -   -   -   -   -   -   -

   -   -   -   -   -   -   -

   -   -   -   -   -   -   -

   -   -   -   -   -   -   -

   -   -   -   -   -   -   -
[0m PLAYER MOVE 
handled by thread, thread id: 1
elapsed time performing move: = 0.009945 seconds
Finished searching through positions in tree:-14 max depth:284 bestTotal time = 0.000276 seconds
[31m COMPUTER MOVE 
handled by thread, thread id: 1
elapsed time performing move: = 0.010222 seconds
Finished searching through positions in tree:11 max depth:5 best move:-1


Board:

   X   -   -   -   -   -   -

   -   -   -   -   -   -   -

   -   -   -   -   -   -   -

   -   -   -   -   -   -   -

   -   -   -   -   -   -   -

   -   -   -   -   -   -   -

   -   -   -   -   -   -   -
[0m PLAYER MOVE 
handled by thread, thread id: 1
elapsed time performing move: = 0.010236 seconds
Finished searching through positions in tree:-14 max depth:284 bestTotal time = 0.001089 seconds
[31m COMPUTER MOVE 
handled by thread, thread id: 0
elapsed time performing move: = 0.010389 seconds
Finished searching through positions in tree:67 max depth:18 best move:-1


Board:

   X   -   -   -   -   -   -

   -   -   -   -   -   -   -

   -   -   -   -   -   -   -

   -   -   -   -   -   -   -

   -   -   -   -   -   -   -

   -   -   -   -   -   -   -

   -   -   -   -   -   -   -
[0m PLAYER MOVE 
handled by thread, thread id: 0
elapsed time performing move: = 0.010449 seconds
Finished searching through positions in tree:-14 max depth:284 bestTotal time = 0.000364 seconds
[31m COMPUTER MOVE 
handled by thread, thread id: 1
elapsed time performing move: = 0.010602 seconds
Finished searching through positions in tree:12 max depth:6 best move:-1


Board:

   X   -   -   -   -   -   -

   -   -   -   -   -   -   -

   -   -   -   -   -   -   -

   -   -   -   -   -   -   -

   -   -   -   -   -   -   -

   -   -   -   -   -   -   -

   -   -   -   -   -   -   -
[0m PLAYER MOVE 
handled by thread, thread id: 1
elapsed time performing move: = 0.010616 seconds
Finished searching through positions in tree:-14 max depth:284 bestTotal time = 0.000459 seconds
[31m COMPUTER MOVE 
handled by thread, thread id: 1
elapsed time performing move: = 0.011077 seconds
Finished searching through positions in tree:32 max depth:4 best move:-2


Board:

   X   -   -   -   -   -   -

   -   -   -   -   -   -   -

   -   -   -   -   -   -   -

   -   -   -   -   -   -   -

   -   -   -   -   -   -   -

   -   -   -   -   -   -   -

   -   -   -   -   -   -   -
[0m PLAYER MOVE 
handled by thread, thread id: 1
elapsed time performing move: = 0.011092 seconds
Finished searching through positions in tree:-14 max depth:284 bestTotal time = 0.000347 seconds
[31m COMPUTER MOVE 
handled by thread, thread id: 1
elapsed time performing move: = 0.011441 seconds
Finished searching through positions in tree:14 max depth:7 best move:-1


Board:

   X   -   -   -   -   -   -

   -   -   -   -   -   -   -

   -   -   -   -   -   -   -

   -   -   -   -   -   -   -

   -   -   -   -   -   -   -

   -   -   -   -   -   -   -

   -   -   -   -   -   -   -
[0m PLAYER MOVE 
handled by thread, thread id: 1
elapsed time performing move: = 0.011456 seconds
Finished searching through positions in tree:-14 max depth:284 bestTotal time = 0.000284 seconds
[31m COMPUTER MOVE 
handled by thread, thread id: 1
elapsed time performing move: = 0.011741 seconds
Finished searching through positions in tree:11 max depth:5 best move:-1


Board:

   X   -   -   -   -   -   -

   -   -   -   -   -   -   -

   -   -   -   -   -   -   -

   -   -   -   -   -   -   -

   -   -   -   -   -   -   -

   -   -   -   -   -   -   -

   -   -   -   -   -   -   -
[0m PLAYER MOVE 
handled by thread, thread id: 1
elapsed time performing move: = 0.011755 seconds
Finished searching through positions in tree:-14 max depth:284 bestTotal time = 0.001454 seconds
[31m COMPUTER MOVE 
handled by thread, thread id: 0
elapsed time performing move: = 0.011904 seconds
Finished searching through positions in tree:77 max depth:14 best move:2


Board:

   X   -   -   -   -   -   -

   -   -   -   -   -   -   -

   -   -   -   -   -   -   -

   -   -   -   -   -   -   -

   -   -   -   -   -   -   -

   -   -   -   -   -   -   -

   -   -   -   -   -   -   -
[0m PLAYER MOVE 
handled by thread, thread id: 0
elapsed time performing move: = 0.011957 seconds
Finished searching through positions in tree:-14 max depth:284 bestTotal time = 0.000328 seconds
[31m COMPUTER MOVE 
handled by thread, thread id: 1
elapsed time performing move: = 0.012084 seconds
Finished searching through positions in tree:10 max depth:4 best move:12


Board:

   X   X   -   -   -   -   -

   -   -   -   -   -   -   -

   -   -   -   -   -   -   -

   -   -   -   -   -   -   -

   -   -   -   -   -   -   -

   -   -   -   -   -   -   -

   -   -   -   -   -   -   -
[0m PLAYER MOVE 
handled by thread, thread id: 1
elapsed time performing move: = 0.012097 seconds
Finished searching through positions in tree:-1 max depth:284 bestTotal time = 0.000079 seconds
[31m COMPUTER MOVE 
handled by thread, thread id: 1
elapsed time performing move: = 0.012177 seconds
Finished searching through positions in tree:4 max depth:2 best move:1


Board:

   X   X   -   -   -   -   -

   -   -   -   -   -   -   -

   -   -   -   -   -   -   -

   -   -   -   -   -   -   -

   -   -   -   -   -   -   -

   -   -   -   -   -   -   -

   -   -   -   -   -   -   -
[0m PLAYER MOVE 
handled by thread, thread id: 1
elapsed time performing move: = 0.012186 seconds
Finished searching through positions in tree:-1 max depth:284 bestTotal time = 0.000092 seconds
[31m COMPUTER MOVE 
handled by thread, thread id: 1
elapsed time performing move: = 0.012279 seconds
Finished searching through positions in tree:4 max depth:1 best move:13


Board:

   X   X   X   -   -   -   -

   -   -   -   -   -   -   -

   -   -   -   -   -   -   -

   -   -   -   -   -   -   -

   -   -   -   -   -   -   -

   -   -   -   -   -   -   -

   -   -   -   -   -   -   -
[0m PLAYER MOVE 
handled by thread, thread id: 1
elapsed time performing move: = 0.012288 seconds
Game over!
Computer Wins
Finished searching through positions in tree:0 max depth:284 bestTotal time = 0.000518 seconds
[31m COMPUTER MOVE 
handled by thread, thread id: 0
elapsed time performing move: = 0.012478 seconds
Finished searching through positions in tree:29 max depth:14 best move:12


Board:

   X   X   -   -   -   -   -

   -   -   -   -   -   -   -

   -   -   -   -   -   -   -

   -   -   -   -   -   -   -

   -   -   -   -   -   -   -

   -   -   -   -   -   -   -

   -   -   -   -   -   -   -
[0m PLAYER MOVE 
handled by thread, thread id: 0
elapsed time performing move: = 0.012528 seconds
Finished searching through positions in tree:-1 max depth:284 bestTotal time = 0.000146 seconds
[31m COMPUTER MOVE 
handled by thread, thread id: 0
elapsed time performing move: = 0.012677 seconds
Finished searching through positions in tree:25 max depth:12 best move:14


Board:

   X   X   O   X   -   -   -

   -   -   -   -   -   -   -

   -   -   -   -   -   -   -

   -   -   -   -   -   -   -

   -   -   -   -   -   -   -

   -   -   -   -   -   -   -

   -   -   -   -   -   -   -
[0m PLAYER MOVE 
handled by thread, thread id: 0
elapsed time performing move: = 0.012724 seconds
Finished searching through positions in tree:-14 max depth:284 bestTotal time = 0.001425 seconds
[31m COMPUTER MOVE 
handled by thread, thread id: 0
elapsed time performing move: = 0.014151 seconds
Finished searching through positions in tree:22 max depth:10 best move:-1


Board:

   X   X   O   X   -   -   -

   -   -   O   -   -   -   -

   -   -   -   -   -   -   -

   -   -   -   -   -   -   -

   -   -   -   -   -   -   -

   -   -   -   -   -   -   -

   -   -   -   -   -   -   -
[0m PLAYER MOVE 
handled by thread, thread id: 0
elapsed time performing move: = 0.014190 seconds
Finished searching through positions in tree:-14 max depth:284 bestTotal time = 0.001257 seconds
[31m COMPUTER MOVE 
handled by thread, thread id: 0
elapsed time performing move: = 0.015448 seconds
Finished searching through positions in tree:9 max depth:4 best move:15


Board:

   X   X   O   X   X   -   -

   O   -   O   -   -   -   -

   -   -   -   -   -   -   -

   -   -   -   -   -   -   -

   -   -   -   -   -   -   -

   -   -   -   -   -   -   -

   -   -   -   -   -   -   -
[0m PLAYER MOVE 
handled by thread, thread id: 0
elapsed time performing move: = 0.015464 seconds
Finished searching through positions in tree:-1 max depth:284 bestTotal time = 0.000134 seconds
[31m COMPUTER MOVE 
handled by thread, thread id: 0
elapsed time performing move: = 0.015600 seconds
Finished searching through positions in tree:5 max depth:2 best move:17


Board:

   X   X   O   X   X   O   X

   O   -   O   -   -   -   -

   -   -   -   -   -   -   -

   -   -   -   -   -   -   -

   -   -   -   -   -   -   -

   -   -   -   -   -   -   -

   -   -   -   -   -   -   -
[0m PLAYER MOVE 
handled by thread, thread id: 0
elapsed time performing move: = 0.015611 seconds
Finished searching through positions in tree:-14 max depth:284 bestTotal time = 0.000725 seconds
[31m COMPUTER MOVE 
handled by thread, thread id: 0
elapsed time performing move: = 0.016337 seconds
Game over!
Human Wins
Elapsed game time = 0.017514 secondsNEW ITERATION
[31m TIC TAC TOE 


Board:

   -   -   -   -   -   -   -

   -   -   -   -   -   -   -

   -   -   -   -   -   -   -

   -   -   -   -   -   -   -

   -   -   -   -   -   -   -

   -   -   -   -   -   -   -

   -   -   -   -   -   -   -
[31m TIC TAC TOE 


Board:

   -   -   -   -   -   -   -

   -   -   -   -   -   -   -

   -   -   -   -   -   -   -

   -   -   -   -   -   -   -

   -   -   -   -   -   -   -

   -   -   -   -   -   -   -

   -   -   -   -   -   -   -
Finished searching through positions in tree:-14 max depth:284 bestTotal time = 0.001880 seconds
[31m COMPUTER MOVE 
handled by thread, thread id: 1
elapsed time performing move: = 0.001900 seconds
Game over!
Human Wins
Finished searching through positions in tree:-14 max depth:284 bestTotal time = 0.001909 seconds
[31m COMPUTER MOVE 
handled by thread, thread id: 0
elapsed time performing move: = 0.001935 seconds
Finished searching through positions in tree:31 max depth:15 best move:11


Board:

   X   -   -   -   -   -   -

   -   -   -   -   -   -   -

   -   -   -   -   -   -   -

   -   -   -   -   -   -   -

   -   -   -   -   -   -   -

   -   -   -   -   -   -   -

   -   -   -   -   -   -   -
[0m PLAYER MOVE 
handled by thread, thread id: 0
elapsed time performing move: = 0.001977 seconds
Finished searching through positions in tree:-14 max depth:284 bestTotal time = 0.001728 seconds
[31m COMPUTER MOVE 
handled by thread, thread id: 0
elapsed time performing move: = 0.003707 seconds
Finished searching through positions in tree:17 max depth:8 best move:12


Board:

   X   X   -   -   -   -   -

   -   -   -   -   -   -   -

   O   -   -   -   -   -   -

   -   -   -   -   -   -   -

   -   -   -   -   -   -   -

   -   -   -   -   -   -   -

   -   -   -   -   -   -   -
[0m PLAYER MOVE 
handled by thread, thread id: 0
elapsed time performing move: = 0.003731 seconds
Finished searching through positions in tree:-1 max depth:284 bestTotal time = 0.000109 seconds
[31m COMPUTER MOVE 
handled by thread, thread id: 0
elapsed time performing move: = 0.003842 seconds
Finished searching through positions in tree:13 max depth:6 best move:14


Board:

   X   X   O   X   -   -   -

   -   -   -   -   -   -   -

   O   -   -   -   -   -   -

   -   -   -   -   -   -   -

   -   -   -   -   -   -   -

   -   -   -   -   -   -   -

   -   -   -   -   -   -   -
[0m PLAYER MOVE 
handled by thread, thread id: 0
elapsed time performing move: = 0.003862 seconds
Finished searching through positions in tree:-14 max depth:284 bestTotal time = 0.001186 seconds
[31m COMPUTER MOVE 
handled by thread, thread id: 0
elapsed time performing move: = 0.005049 seconds
Finished searching through positions in tree:9 max depth:4 best move:16


Board:

   X   X   O   X   O   X   -

   -   -   -   -   -   -   -

   O   -   -   -   -   -   -

   -   -   -   -   -   -   -

   -   -   -   -   -   -   -

   -   -   -   -   -   -   -

   -   -   -   -   -   -   -
[0m PLAYER MOVE 
handled by thread, thread id: 0
elapsed time performing move: = 0.005065 seconds
Finished searching through positions in tree:-7 max depth:284 bestTotal time = 0.000489 seconds
[31m COMPUTER MOVE 
handled by thread, thread id: 0
elapsed time performing move: = 0.005556 seconds
Finished searching through positions in tree:5 max depth:2 best move:20


Board:

   X   X   O   X   O   X   O

   X   -   -   -   -   -   -

   O   -   -   -   -   -   -

   -   -   -   -   -   -   -

   -   -   -   -   -   -   -

   -   -   -   -   -   -   -

   -   -   -   -   -   -   -
[0m PLAYER MOVE 
handled by thread, thread id: 0
elapsed time performing move: = 0.005571 seconds
Finished searching through positions in tree:-7 max depth:284 bestTotal time = 0.000311 seconds
[31m COMPUTER MOVE 
handled by thread, thread id: 0
elapsed time performing move: = 0.005884 seconds
Game over!
Human Wins
Elapsed game time = 0.006788 secondsNEW ITERATION
[31m TIC TAC TOE 


Board:

   -   -   -   -   -   -   -

   -   -   -   -   -   -   -

   -   -   -   -   -   -   -

   -   -   -   -   -   -   -

   -   -   -   -   -   -   -

   -   -   -   -   -   -   -

   -   -   -   -   -   -   -[31m TIC TAC TOE 


Board:

   -   -   -   -   -   -   -

   -   -   -   -   -   -   -

   -   -   -   -   -   -   -

   -   -   -   -   -   -   -

   -   -   -   -   -   -   -

   -
   -   -   -   -   -   -

   -   -   -   -   -   -   -
Finished searching through positions in tree:-14 max depth:284 bestTotal time = 0.001826 seconds
[31m COMPUTER MOVE 
handled by thread, thread id: 1
elapsed time performing move: = 0.001849 seconds
Game over!
Human Wins
Finished searching through positions in tree:-14 max depth:284 bestTotal time = 0.001933 seconds
[31m COMPUTER MOVE 
handled by thread, thread id: 0
elapsed time performing move: = 0.001985 seconds
Finished searching through positions in tree:31 max depth:15 best move:11


Board:

   X   -   -   -   -   -   -

   -   -   -   -   -   -   -

   -   -   -   -   -   -   -

   -   -   -   -   -   -   -

   -   -   -   -   -   -   -

   -   -   -   -   -   -   -

   -   -   -   -   -   -   -
[0m PLAYER MOVE 
handled by thread, thread id: 0
elapsed time performing move: = 0.002030 seconds
Finished searching through positions in tree:-14 max depth:284 bestTotal time = 0.001743 seconds
[31m COMPUTER MOVE 
handled by thread, thread id: 0
elapsed time performing move: = 0.003775 seconds
Finished searching through positions in tree:17 max depth:8 best move:12


Board:

   X   X   -   -   -   -   -

   -   -   -   -   -   -   -

   O   -   -   -   -   -   -

   -   -   -   -   -   -   -

   -   -   -   -   -   -   -

   -   -   -   -   -   -   -

   -   -   -   -   -   -   -
[0m PLAYER MOVE 
handled by thread, thread id: 0
elapsed time performing move: = 0.003800 seconds
Finished searching through positions in tree:-1 max depth:284 bestTotal time = 0.000110 seconds
[31m COMPUTER MOVE 
handled by thread, thread id: 0
elapsed time performing move: = 0.003910 seconds
Finished searching through positions in tree:13 max depth:6 best move:14


Board:

   X   X   O   X   -   -   -

   -   -   -   -   -   -   -

   O   -   -   -   -   -   -

   -   -   -   -   -   -   -

   -   -   -   -   -   -   -

   -   -   -   -   -   -   -

   -   -   -   -   -   -   -
[0m PLAYER MOVE 
handled by thread, thread id: 0
elapsed time performing move: = 0.003931 seconds
Finished searching through positions in tree:-14 max depth:284 bestTotal time = 0.001187 seconds
[31m COMPUTER MOVE 
handled by thread, thread id: 0
elapsed time performing move: = 0.005119 seconds
Finished searching through positions in tree:9 max depth:4 best move:16


Board:

   X   X   O   X   O   X   -

   -   -   -   -   -   -   -

   O   -   -   -   -   -   -

   -   -   -   -   -   -   -

   -   -   -   -   -   -   -

   -   -   -   -   -   -   -

   -   -   -   -   -   -   -
[0m PLAYER MOVE 
handled by thread, thread id: 0
elapsed time performing move: = 0.005135 seconds
Finished searching through positions in tree:-7 max depth:284 bestTotal time = 0.000471 seconds
[31m COMPUTER MOVE 
handled by thread, thread id: 0
elapsed time performing move: = 0.005608 seconds
Finished searching through positions in tree:5 max depth:2 best move:20


Board:

   X   X   O   X   O   X   O

   X   -   -   -   -   -   -

   O   -   -   -   -   -   -

   -   -   -   -   -   -   -

   -   -   -   -   -   -   -

   -   -   -   -   -   -   -

   -   -   -   -   -   -   -
[0m PLAYER MOVE 
handled by thread, thread id: 0
elapsed time performing move: = 0.005620 seconds
Finished searching through positions in tree:-7 max depth:284 bestTotal time = 0.000305 seconds
[31m COMPUTER MOVE 
handled by thread, thread id: 0
elapsed time performing move: = 0.005927 seconds
Game over!
Human Wins
Elapsed game time = 0.006740 secondsNEW ITERATION
[31m TIC TAC TOE 


Board:

   -   -   -   -   -   -   -

   -   -   -   -   -   -   -

   -   -   -   -   -   -   -

   -   -   -   -   -   -   -

   -   -   -   -   -   -[31m TIC TAC TOE 


Board:

   -   -   -   -   -   -   -

   -   -   -   -   -   -   -

   -   -   -   -   -   -   -

   -   -   -   -   -   -   -

   -   -   -   -   -   -   -

   -   -   -   -   -   -   -

   -   -

   -   -   -   -   -   -   -

   -   -   -   -   -   -   -
   -   -   -   -   -   -
Finished searching through positions in tree:0 max depth:284 bestTotal time = 0.001365 seconds
[31m COMPUTER MOVE 
handled by thread, thread id: 1
elapsed time performing move: = 0.001409 seconds
Game over!
Human Wins
Finished searching through positions in tree:0 max depth:284 bestTotal time = 0.001401 seconds
[31m COMPUTER MOVE 
handled by thread, thread id: 0
elapsed time performing move: = 0.001454 seconds
Finished searching through positions in tree:31 max depth:15 best move:11


Board:

   X   -   -   -   -   -   -

   -   -   -   -   -   -   -

   -   -   -   -   -   -   -

   -   -   -   -   -   -   -

   -   -   -   -   -   -   -

   -   -   -   -   -   -   -

   -   -   -   -   -   -   -
[0m PLAYER MOVE 
handled by thread, thread id: 0
elapsed time performing move: = 0.001497 seconds
Finished searching through positions in tree:-14 max depth:284 bestTotal time = 0.001721 seconds
[31m COMPUTER MOVE 
handled by thread, thread id: 0
elapsed time performing move: = 0.003221 seconds
Finished searching through positions in tree:17 max depth:8 best move:12


Board:

   X   X   -   -   -   -   -

   -   -   -   -   -   -   -

   O   -   -   -   -   -   -

   -   -   -   -   -   -   -

   -   -   -   -   -   -   -

   -   -   -   -   -   -   -

   -   -   -   -   -   -   -
[0m PLAYER MOVE 
handled by thread, thread id: 0
elapsed time performing move: = 0.003245 seconds
Finished searching through positions in tree:-1 max depth:284 bestTotal time = 0.000109 seconds
[31m COMPUTER MOVE 
handled by thread, thread id: 0
elapsed time performing move: = 0.003356 seconds
Finished searching through positions in tree:13 max depth:6 best move:14


Board:

   X   X   O   X   -   -   -

   -   -   -   -   -   -   -

   O   -   -   -   -   -   -

   -   -   -   -   -   -   -

   -   -   -   -   -   -   -

   -   -   -   -   -   -   -

   -   -   -   -   -   -   -
[0m PLAYER MOVE 
handled by thread, thread id: 0
elapsed time performing move: = 0.003394 seconds
Finished searching through positions in tree:-14 max depth:284 bestTotal time = 0.001186 seconds
[31m COMPUTER MOVE 
handled by thread, thread id: 0
elapsed time performing move: = 0.004581 seconds
Finished searching through positions in tree:9 max depth:4 best move:16


Board:

   X   X   O   X   O   X   -

   -   -   -   -   -   -   -

   O   -   -   -   -   -   -

   -   -   -   -   -   -   -

   -   -   -   -   -   -   -

   -   -   -   -   -   -   -

   -   -   -   -   -   -   -
[0m PLAYER MOVE 
handled by thread, thread id: 0
elapsed time performing move: = 0.004599 seconds
Finished searching through positions in tree:-7 max depth:284 bestTotal time = 0.000454 seconds
[31m COMPUTER MOVE 
handled by thread, thread id: 0
elapsed time performing move: = 0.005054 seconds
Finished searching through positions in tree:5 max depth:2 best move:20


Board:

   X   X   O   X   O   X   O

   X   -   -   -   -   -   -

   O   -   -   -   -   -   -

   -   -   -   -   -   -   -

   -   -   -   -   -   -   -

   -   -   -   -   -   -   -

   -   -   -   -   -   -   -
[0m PLAYER MOVE 
handled by thread, thread id: 0
elapsed time performing move: = 0.005066 seconds
Finished searching through positions in tree:-7 max depth:284 bestTotal time = 0.000251 seconds
[31m COMPUTER MOVE 
handled by thread, thread id: 0
elapsed time performing move: = 0.005319 seconds
Game over!
Human Wins
Elapsed game time = 0.006454 secondsNEW ITERATION
[31m TIC TAC TOE 


Board:

   -   -   -   -   -   -   -

   -   -   -   -   -   -   -

   -   -   -   -   -   -   -

   -   -   -   -   -   -   -

   -   -   -   -   -   -   -

   -   -   -   -   -   -   -

   -   -   -[31m TIC TAC TOE 


Board:

   -   -   -   -   -   -   -

   -   -   -   -   -   -   -

   -   -   -   -   -   -   -

   -   -   -   -   -   -   -
   -   -   -   -

   -   -   -   -   -   -   -

   -   -   -   -   -   -   -

   -   -   -   -   -   -   -
Finished searching through positions in tree:-14 max depth:284 bestTotal time = 0.001846 seconds
[31m COMPUTER MOVE 
handled by thread, thread id: 1
elapsed time performing move: = 0.001882 seconds
Game over!
Human Wins
Finished searching through positions in tree:-14 max depth:284 bestTotal time = 0.001913 seconds
[31m COMPUTER MOVE 
handled by thread, thread id: 0
elapsed time performing move: = 0.001962 seconds
Finished searching through positions in tree:31 max depth:15 best move:11


Board:

   X   -   -   -   -   -   -

   -   -   -   -   -   -   -

   -   -   -   -   -   -   -

   -   -   -   -   -   -   -

   -   -   -   -   -   -   -

   -   -   -   -   -   -   -

   -   -   -   -   -   -   -
[0m PLAYER MOVE 
handled by thread, thread id: 0
elapsed time performing move: = 0.002004 seconds
Finished searching through positions in tree:-14 max depth:284 bestTotal time = 0.001758 seconds
[31m COMPUTER MOVE 
handled by thread, thread id: 0
elapsed time performing move: = 0.003764 seconds
Finished searching through positions in tree:17 max depth:8 best move:12


Board:

   X   X   -   -   -   -   -

   -   -   -   -   -   -   -

   O   -   -   -   -   -   -

   -   -   -   -   -   -   -

   -   -   -   -   -   -   -

   -   -   -   -   -   -   -

   -   -   -   -   -   -   -
[0m PLAYER MOVE 
handled by thread, thread id: 0
elapsed time performing move: = 0.003789 seconds
Finished searching through positions in tree:-1 max depth:284 bestTotal time = 0.000109 seconds
[31m COMPUTER MOVE 
handled by thread, thread id: 0
elapsed time performing move: = 0.003900 seconds
Finished searching through positions in tree:13 max depth:6 best move:14


Board:

   X   X   O   X   -   -   -

   -   -   -   -   -   -   -

   O   -   -   -   -   -   -

   -   -   -   -   -   -   -

   -   -   -   -   -   -   -

   -   -   -   -   -   -   -

   -   -   -   -   -   -   -
[0m PLAYER MOVE 
handled by thread, thread id: 0
elapsed time performing move: = 0.003920 seconds
Finished searching through positions in tree:-14 max depth:284 bestTotal time = 0.001187 seconds
[31m COMPUTER MOVE 
handled by thread, thread id: 0
elapsed time performing move: = 0.005110 seconds
Finished searching through positions in tree:9 max depth:4 best move:16


Board:

   X   X   O   X   O   X   -

   -   -   -   -   -   -   -

   O   -   -   -   -   -   -

   -   -   -   -   -   -   -

   -   -   -   -   -   -   -

   -   -   -   -   -   -   -

   -   -   -   -   -   -   -
[0m PLAYER MOVE 
handled by thread, thread id: 0
elapsed time performing move: = 0.005127 seconds
Finished searching through positions in tree:-7 max depth:284 bestTotal time = 0.000542 seconds
[31m COMPUTER MOVE 
handled by thread, thread id: 0
elapsed time performing move: = 0.005670 seconds
Finished searching through positions in tree:5 max depth:2 best move:20


Board:

   X   X   O   X   O   X   O

   X   -   -   -   -   -   -

   O   -   -   -   -   -   -

   -   -   -   -   -   -   -

   -   -   -   -   -   -   -

   -   -   -   -   -   -   -

   -   -   -   -   -   -   -
[0m PLAYER MOVE 
handled by thread, thread id: 0
elapsed time performing move: = 0.005685 seconds
Finished searching through positions in tree:-7 max depth:284 bestTotal time = 0.000310 seconds
[31m COMPUTER MOVE 
handled by thread, thread id: 0
elapsed time performing move: = 0.005998 seconds
Game over!
Human Wins
Elapsed game time = 0.006912 secondsNEW ITERATION
[31m TIC TAC TOE 


Board:

   -   -   -   -   -   -   -

   -   -   -   -   -   -   -

   -   -   -   -   -   -   -

   -   -   -   -   -   -   -

   -   -   -   -   -   -   -

   -   -   -   -   -   -   -

   -   -   -   -   -   -   -
[31m TIC TAC TOE 


Board:

   -   -   -   -   -   -   -

   -   -   -   -   -   -   -

   -   -   -   -   -   -   -

   -   -   -   -   -   -   -

   -   -   -   -   -   -   -

   -   -   -   -   -   -   -

   -   -   -   -   -   -   -
Finished searching through positions in tree:-14 max depth:284 bestTotal time = 0.001784 seconds
[31m COMPUTER MOVE 
handled by thread, thread id: 0
elapsed time performing move: = 0.001812 seconds
Finished searching through positions in tree:61 max depth:16 best move:11


Board:

   X   -   -   -   -   -   -

   -   -   -   -   -   -   -

   -   -   -   -   -   -   -

   -   -   -   -   -   -   -

   -   -   -   -   -   -   -

   -   -   -   -   -   -   -

   -   -   -   -   -   -   -
[0m PLAYER MOVE 
handled by thread, thread id: 0
elapsed time performing move: = 0.001858 seconds
Finished searching through positions in tree:-14 max depth:284 bestTotal time = 0.001739 seconds
[31m COMPUTER MOVE 
handled by thread, thread id: 1
elapsed time performing move: = 0.001794 seconds
Finished searching through positions in tree:76 max depth:10 best move:2


Board:

   -   -   -   -   -   -   -

   -   -   -   -   -   -   -

   -   -   -   -   -   -   -

   -   -   -   -   -   -   -

   -   -   -   -   -   -   -

   -   -   -   -   -   -   -

   -   -   -   -   -   -   -
[0m PLAYER MOVE 
handled by thread, thread id: 1
elapsed time performing move: = 0.001837 seconds
Finished searching through positions in tree:-14 max depth:284 bestTotal time = 0.001721 seconds
[31m COMPUTER MOVE 
handled by thread, thread id: 0
elapsed time performing move: = 0.003582 seconds
Finished searching through positions in tree:13 max depth:6 best move:-1


Board:

   X   -   -   -   -   -   -

   -   -   -   -   -   -   -

   -   -   -   -   -   -   -

   -   -   -   -   -   -   -

   -   -   -   -   -   -   -

   -   -   -   -   -   -   -

   -   -   -   -   -   -   -
[0m PLAYER MOVE 
handled by thread, thread id: 0
elapsed time performing move: = 0.003596 seconds
Finished searching through positions in tree:-14 max depth:284 bestTotal time = 0.001803 seconds
[31m COMPUTER MOVE 
handled by thread, thread id: 1
elapsed time performing move: = 0.003642 seconds
Finished searching through positions in tree:74 max depth:18 best move:-2


Board:

   -   -   -   -   -   -   -

   -   -   -   -   -   -   -

   -   -   -   -   -   -   -

   -   -   -   -   -   -   -

   -   -   -   -   -   -   -

   -   -   -   -   -   -   -

   -   -   -   -   -   -   -
[0m PLAYER MOVE 
handled by thread, thread id: 1
elapsed time performing move: = 0.003686 seconds
Finished searching through positions in tree:-14 max depth:284 bestTotal time = 0.000338 seconds
[31m COMPUTER MOVE 
handled by thread, thread id: 0
elapsed time performing move: = 0.003936 seconds
Finished searching through positions in tree:15 max depth:7 best move:-1


Board:

   X   -   -   -   -   -   -

   -   -   -   -   -   -   -

   -   -   -   -   -   -   -

   -   -   -   -   -   -   -

   -   -   -   -   -   -   -

   -   -   -   -   -   -   -

   -   -   -   -   -   -   -
[0m PLAYER MOVE 
handled by thread, thread id: 0
elapsed time performing move: = 0.003950 seconds
Finished searching through positions in tree:-14 max depth:284 bestTotal time = 0.000380 seconds
[31m COMPUTER MOVE 
handled by thread, thread id: 0
elapsed time performing move: = 0.004332 seconds
Finished searching through positions in tree:12 max depth:5 best move:-1


Board:

   X   -   -   -   -   -   -

   -   -   -   -   -   -   -

   -   -   -   -   -   -   -

   -   -   -   -   -   -   -

   -   -   -   -   -   -   -

   -   -   -   -   -   -   -

   -   -   -   -   -   -   -
[0m PLAYER MOVE 
handled by thread, thread id: 0
elapsed time performing move: = 0.004345 seconds
Finished searching through positions in tree:-14 max depth:284 bestTotal time = 0.000296 seconds
[31m COMPUTER MOVE 
handled by thread, thread id: 0
elapsed time performing move: = 0.004645 seconds
Finished searching through positions in tree:33 max depth:2 best move:2


Board:

   X   -   -   -   -   -   -

   -   -   -   -   -   -   -

   -   -   -   -   -   -   -

   -   -   -   -   -   -   -

   -   -   -   -   -   -   -

   -   -   -   -   -   -   -

   -   -   -   -   -   -   -
[0m PLAYER MOVE 
handled by thread, thread id: 0
elapsed time performing move: = 0.004660 seconds
Finished searching through positions in tree:-14 max depth:284 bestTotal time = 0.000340 seconds
[31m COMPUTER MOVE 
handled by thread, thread id: 0
elapsed time performing move: = 0.005002 seconds
Finished searching through positions in tree:12 max depth:5 best move:-1


Board:

   X   -   -   -   -   -   -

   -   -   -   -   -   -   -

   -   -   -   -   -   -   -

   -   -   -   -   -   -   -

   -   -   -   -   -   -   -

   -   -   -   -   -   -   -

   -   -   -   -   -   -   -
[0m PLAYER MOVE 
handled by thread, thread id: 0
elapsed time performing move: = 0.005015 seconds
Finished searching through positions in tree:-14 max depth:284 bestTotal time = 0.001289 seconds
[31m COMPUTER MOVE 
handled by thread, thread id: 1
elapsed time performing move: = 0.004976 seconds
Finished searching through positions in tree:69 max depth:22 best move:1


Board:

   -   -   -   -   -   -   -

   -   -   -   -   -   -   -

   -   -   -   -   -   -   -

   -   -   -   -   -   -   -

   -   -   -   -   -   -   -

   -   -   -   -   -   -   -

   -   -   -   -   -   -   -
[0m PLAYER MOVE 
handled by thread, thread id: 1
elapsed time performing move: = 0.005020 seconds
Finished searching through positions in tree:-14 max depth:284 bestTotal time = 0.000406 seconds
[31m COMPUTER MOVE 
handled by thread, thread id: 0
elapsed time performing move: = 0.005423 seconds
Finished searching through positions in tree:12 max depth:5 best move:-1


Board:

   X   -   -   -   -   -   -

   -   -   -   -   -   -   -

   -   -   -   -   -   -   -

   -   -   -   -   -   -   -

   -   -   -   -   -   -   -

   -   -   -   -   -   -   -

   -   -   -   -   -   -   -
[0m PLAYER MOVE 
handled by thread, thread id: 0
elapsed time performing move: = 0.005437 seconds
Finished searching through positions in tree:-14 max depth:284 bestTotal time = 0.000274 seconds
[31m COMPUTER MOVE 
handled by thread, thread id: 0
elapsed time performing move: = 0.005712 seconds
Finished searching through positions in tree:12 max depth:6 best move:-1


Board:

   X   -   -   -   -   -   -

   -   -   -   -   -   -   -

   -   -   -   -   -   -   -

   -   -   -   -   -   -   -

   -   -   -   -   -   -   -

   -   -   -   -   -   -   -

   -   -   -   -   -   -   -
[0m PLAYER MOVE 
handled by thread, thread id: 0
elapsed time performing move: = 0.005725 seconds
Finished searching through positions in tree:-14 max depth:284 bestTotal time = 0.000431 seconds
[31m COMPUTER MOVE 
handled by thread, thread id: 0
elapsed time performing move: = 0.006157 seconds
Finished searching through positions in tree:35 max depth:2 best move:-2


Board:

   X   -   -   -   -   -   -

   -   -   -   -   -   -   -

   -   -   -   -   -   -   -

   -   -   -   -   -   -   -

   -   -   -   -   -   -   -

   -   -   -   -   -   -   -

   -   -   -   -   -   -   -
[0m PLAYER MOVE 
handled by thread, thread id: 0
elapsed time performing move: = 0.006179 seconds
Finished searching through positions in tree:-14 max depth:284 bestTotal time = 0.001409 seconds
[31m COMPUTER MOVE 
handled by thread, thread id: 1
elapsed time performing move: = 0.006430 seconds
Finished searching through positions in tree:65 max depth:9 best move:2


Board:

   -   -   -   -   -   -   -

   -   -   -   -   -   -   -

   -   -   -   -   -   -   -

   -   -   -   -   -   -   -

   -   -   -   -   -   -   -

   -   -   -   -   -   -   -

   -   -   -   -   -   -   -
[0m PLAYER MOVE 
handled by thread, thread id: 1
elapsed time performing move: = 0.006466 seconds
Finished searching through positions in tree:-14 max depth:284 bestTotal time = 0.000516 seconds
[31m COMPUTER MOVE 
handled by thread, thread id: 0
elapsed time performing move: = 0.006697 seconds
Finished searching through positions in tree:18 max depth:9 best move:-1


Board:

   X   -   -   -   -   -   -

   -   -   -   -   -   -   -

   -   -   -   -   -   -   -

   -   -   -   -   -   -   -

   -   -   -   -   -   -   -

   -   -   -   -   -   -   -

   -   -   -   -   -   -   -
[0m PLAYER MOVE 
handled by thread, thread id: 0
elapsed time performing move: = 0.006716 seconds
Finished searching through positions in tree:-14 max depth:284 bestTotal time = 0.000359 seconds
[31m COMPUTER MOVE 
handled by thread, thread id: 0
elapsed time performing move: = 0.007077 seconds
Finished searching through positions in tree:15 max depth:7 best move:-1


Board:

   X   -   -   -   -   -   -

   -   -   -   -   -   -   -

   -   -   -   -   -   -   -

   -   -   -   -   -   -   -

   -   -   -   -   -   -   -

   -   -   -   -   -   -   -

   -   -   -   -   -   -   -
[0m PLAYER MOVE 
handled by thread, thread id: 0
elapsed time performing move: = 0.007094 seconds
Finished searching through positions in tree:-14 max depth:284 bestTotal time = 0.000517 seconds
[31m COMPUTER MOVE 
handled by thread, thread id: 0
elapsed time performing move: = 0.007613 seconds
Finished searching through positions in tree:12 max depth:6 best move:-1


Board:

   X   -   -   -   -   -   -

   -   -   -   -   -   -   -

   -   -   -   -   -   -   -

   -   -   -   -   -   -   -

   -   -   -   -   -   -   -

   -   -   -   -   -   -   -

   -   -   -   -   -   -   -
[0m PLAYER MOVE 
handled by thread, thread id: 0
elapsed time performing move: = 0.007627 seconds
Finished searching through positions in tree:-14 max depth:284 bestTotal time = 0.000226 seconds
[31m COMPUTER MOVE 
handled by thread, thread id: 0
elapsed time performing move: = 0.007854 seconds
Finished searching through positions in tree:13 max depth:6 best move:-1


Board:

   X   -   -   -   -   -   -

   -   -   -   -   -   -   -

   -   -   -   -   -   -   -

   -   -   -   -   -   -   -

   -   -   -   -   -   -   -

   -   -   -   -   -   -   -

   -   -   -   -   -   -   -
[0m PLAYER MOVE 
handled by thread, thread id: 0
elapsed time performing move: = 0.007868 seconds
Finished searching through positions in tree:-14 max depth:284 bestTotal time = 0.001363 seconds
[31m COMPUTER MOVE 
handled by thread, thread id: 1
elapsed time performing move: = 0.007832 seconds
Finished searching through positions in tree:78 max depth:14 best move:2


Board:

   -   -   -   -   -   -   -

   -   -   -   -   -   -   -

   -   -   -   -   -   -   -

   -   -   -   -   -   -   -

   -   -   -   -   -   -   -

   -   -   -   -   -   -   -

   -   -   -   -   -   -   -
[0m PLAYER MOVE 
handled by thread, thread id: 1
elapsed time performing move: = 0.007883 seconds
Finished searching through positions in tree:-14 max depth:284 bestTotal time = 0.000361 seconds
[31m COMPUTER MOVE 
handled by thread, thread id: 0
elapsed time performing move: = 0.008231 seconds
Finished searching through positions in tree:12 max depth:6 best move:-1


Board:

   X   -   -   -   -   -   -

   -   -   -   -   -   -   -

   -   -   -   -   -   -   -

   -   -   -   -   -   -   -

   -   -   -   -   -   -   -

   -   -   -   -   -   -   -

   -   -   -   -   -   -   -
[0m PLAYER MOVE 
handled by thread, thread id: 0
elapsed time performing move: = 0.008262 seconds
Finished searching through positions in tree:-14 max depth:284 bestTotal time = 0.000238 seconds
[31m COMPUTER MOVE 
handled by thread, thread id: 0
elapsed time performing move: = 0.008501 seconds
Finished searching through positions in tree:34 max depth:2 best move:-2


Board:

   X   -   -   -   -   -   -

   -   -   -   -   -   -   -

   -   -   -   -   -   -   -

   -   -   -   -   -   -   -

   -   -   -   -   -   -   -

   -   -   -   -   -   -   -

   -   -   -   -   -   -   -
[0m PLAYER MOVE 
handled by thread, thread id: 0
elapsed time performing move: = 0.008514 seconds
Finished searching through positions in tree:-14 max depth:284 bestTotal time = 0.000451 seconds
[31m COMPUTER MOVE 
handled by thread, thread id: 0
elapsed time performing move: = 0.008967 seconds
Finished searching through positions in tree:13 max depth:29 best move:-1


Board:

   X   -   -   -   -   -   -

   -   -   -   -   -   -   -

   -   -   -   -   -   -   -

   -   -   -   -   -   -   -

   -   -   -   -   -   -   -

   -   -   -   -   -   -   -

   -   -   -   -   -   -   -
[0m PLAYER MOVE 
handled by thread, thread id: 0
elapsed time performing move: = 0.008981 seconds
Finished searching through positions in tree:-14 max depth:284 bestTotal time = 0.000469 seconds
[31m COMPUTER MOVE 
handled by thread, thread id: 0
elapsed time performing move: = 0.009452 seconds
Finished searching through positions in tree:13 max depth:6 best move:-1


Board:

   X   -   -   -   -   -   -

   -   -   -   -   -   -   -

   -   -   -   -   -   -   -

   -   -   -   -   -   -   -

   -   -   -   -   -   -   -

   -   -   -   -   -   -   -

   -   -   -   -   -   -   -
[0m PLAYER MOVE 
handled by thread, thread id: 0
elapsed time performing move: = 0.009465 seconds
Finished searching through positions in tree:-14 max depth:284 bestTotal time = 0.001568 seconds
[31m COMPUTER MOVE 
handled by thread, thread id: 1
elapsed time performing move: = 0.009453 seconds
Finished searching through positions in tree:75 max depth:9 best move:2


Board:

   -   -   -   -   -   -   -

   -   -   -   -   -   -   -

   -   -   -   -   -   -   -

   -   -   -   -   -   -   -

   -   -   -   -   -   -   -

   -   -   -   -   -   -   -

   -   -   -   -   -   -   -
[0m PLAYER MOVE 
handled by thread, thread id: 1
elapsed time performing move: = 0.009485 seconds
Finished searching through positions in tree:-14 max depth:284 bestTotal time = 0.000313 seconds
[31m COMPUTER MOVE 
handled by thread, thread id: 0
elapsed time performing move: = 0.009778 seconds
Finished searching through positions in tree:35 max depth:2 best move:-2


Board:

   X   -   -   -   -   -   -

   -   -   -   -   -   -   -

   -   -   -   -   -   -   -

   -   -   -   -   -   -   -

   -   -   -   -   -   -   -

   -   -   -   -   -   -   -

   -   -   -   -   -   -   -
[0m PLAYER MOVE 
handled by thread, thread id: 0
elapsed time performing move: = 0.009792 seconds
Finished searching through positions in tree:-14 max depth:284 bestTotal time = 0.000473 seconds
[31m COMPUTER MOVE 
handled by thread, thread id: 0
elapsed time performing move: = 0.010266 seconds
Finished searching through positions in tree:37 max depth:4 best move:2


Board:

   X   -   -   -   -   -   -

   -   -   -   -   -   -   -

   -   -   -   -   -   -   -

   -   -   -   -   -   -   -

   -   -   -   -   -   -   -

   -   -   -   -   -   -   -

   -   -   -   -   -   -   -
[0m PLAYER MOVE 
handled by thread, thread id: 0
elapsed time performing move: = 0.010283 seconds
Finished searching through positions in tree:-14 max depth:284 bestTotal time = 0.000405 seconds
[31m COMPUTER MOVE 
handled by thread, thread id: 0
elapsed time performing move: = 0.010690 seconds
Finished searching through positions in tree:12 max depth:5 best move:-1


Board:

   X   -   -   -   -   -   -

   -   -   -   -   -   -   -

   -   -   -   -   -   -   -

   -   -   -   -   -   -   -

   -   -   -   -   -   -   -

   -   -   -   -   -   -   -

   -   -   -   -   -   -   -
[0m PLAYER MOVE 
handled by thread, thread id: 0
elapsed time performing move: = 0.010703 seconds
Finished searching through positions in tree:-14 max depth:284 bestTotal time = 0.001308 seconds
[31m COMPUTER MOVE 
handled by thread, thread id: 1
elapsed time performing move: = 0.010795 seconds
Finished searching through positions in tree:-14 max depth:284 bestTotal time = 0.000243 seconds
[31m COMPUTER MOVE 
handled by thread, thread id: 0
elapsed time performing move: = 0.010947 seconds
Finished searching through positions in tree:9 max depth:4 best move:12


Board:

   X   X   -   -   -   -   -

   -   -   -   -   -   -   -

   -   -   -   -   -   -   -

   -   -   -   -   -   -   -

   -   -   -   -   -   -   -

   -   -   -   -   -   -   -

   -   -   -   -   -   -   -
[0m PLAYER MOVE 
handled by thread, thread id: 0
elapsed time performing move: = 0.010973 seconds
Finished searching through positions in tree:3 max depth:1 best move:2


Board:

   -   -   -   -   -   -   -

   -   -   -   -   -   -   -

   -   -   -   -   -   -   -

   -   -   -   -   -   -   -

   -   -   -   -   -   -   -

   -   -   -   -   -   -   -

   -   -   -   -   -   -   -
[0m PLAYER MOVE 
handled by thread, thread id: 1
elapsed time performing move: = 0.010835 seconds
Finished searching through positions in tree:-1 max depth:284 bestTotal time = 0.000075 seconds
[31m COMPUTER MOVE 
handled by thread, thread id: 0
elapsed time performing move: = 0.011050 seconds
Finished searching through positions in tree:34 max depth:2 best move:-2


Board:

   X   X   O   -   -   -   -

   -   -   -   -   -   -   -

   -   -   -   -   -   -   -

   -   -   -   -   -   -   -

   -   -   -   -   -   -   -

   -   -   -   -   -   -   -

   -   -   -   -   -   -   -
[0m PLAYER MOVE 
handled by thread, thread id: 0
elapsed time performing move: = 0.011065 seconds
Finished searching through positions in tree:-14 max depth:284 bestTotal time = 0.000222 seconds
[31m COMPUTER MOVE 
handled by thread, thread id: 0
elapsed time performing move: = 0.011289 seconds
Finished searching through positions in tree:7 max depth:3 best move:-1


Board:

   X   X   O   -   -   -   -

   -   -   -   -   -   -   -

   -   -   -   -   -   -   -

   -   -   -   -   -   -   -

   -   -   -   -   -   -   -

   -   -   -   -   -   -   -

   -   -   -   -   -   -   -
[0m PLAYER MOVE 
handled by thread, thread id: 0
elapsed time performing move: = 0.011299 seconds
Finished searching through positions in tree:-14 max depth:284 bestTotal time = 0.000181 seconds
[31m COMPUTER MOVE 
handled by thread, thread id: 0
elapsed time performing move: = 0.011482 seconds
Finished searching through positions in tree:6 max depth:3 best move:-1


Board:

   X   X   O   -   -   -   -

   -   -   -   -   -   -   -

   -   -   -   -   -   -   -

   -   -   -   -   -   -   -

   -   -   -   -   -   -   -

   -   -   -   -   -   -   -

   -   -   -   -   -   -   -
[0m PLAYER MOVE 
handled by thread, thread id: 0
elapsed time performing move: = 0.011492 seconds
Finished searching through positions in tree:-14 max depth:284 bestTotal time = 0.000132 seconds
[31m COMPUTER MOVE 
handled by thread, thread id: 0
elapsed time performing move: = 0.011626 seconds
Finished searching through positions in tree:8 max depth:4 best move:-1


Board:

   X   X   O   -   -   -   -

   -   -   -   -   -   -   -

   -   -   -   -   -   -   -

   -   -   -   -   -   -   -

   -   -   -   -   -   -   -

   -   -   -   -   -   -   -

   -   -   -   -   -   -   -
[0m PLAYER MOVE 
handled by thread, thread id: 0
elapsed time performing move: = 0.011637 seconds
Finished searching through positions in tree:-14 max depth:284 bestTotal time = 0.000222 seconds
[31m COMPUTER MOVE 
handled by thread, thread id: 0
elapsed time performing move: = 0.011860 seconds
Finished searching through positions in tree:34 max depth:2 best move:-2


Board:

   X   X   O   -   -   -   -

   -   -   -   -   -   -   -

   -   -   -   -   -   -   -

   -   -   -   -   -   -   -

   -   -   -   -   -   -   -

   -   -   -   -   -   -   -

   -   -   -   -   -   -   -
[0m PLAYER MOVE 
handled by thread, thread id: 0
elapsed time performing move: = 0.011874 seconds
Finished searching through positions in tree:-14 max depth:284 bestTotal time = 0.000203 seconds
[31m COMPUTER MOVE 
handled by thread, thread id: 0
elapsed time performing move: = 0.012079 seconds
Finished searching through positions in tree:565 max depth:4 best move:-1


Board:

   X   X   O   -   -   -   -

   -   -   -   -   -   -   -

   -   -   -   -   -   -   -

   -   -   -   -   -   -   -

   -   -   -   -   -   -   -

   -   -   -   -   -   -   -

   -   -   -   -   -   -   -
[0m PLAYER MOVE 
handled by thread, thread id: 0
elapsed time performing move: = 0.012092 seconds
Finished searching through positions in tree:-14 max depth:284 bestTotal time = 0.001190 seconds
[31m COMPUTER MOVE 
handled by thread, thread id: 1
elapsed time performing move: = 0.012027 seconds
Finished searching through positions in tree:83 max depth:7 best move:2


Board:

   -   -   -   -   -   -   -

   -   -   -   -   -   -   -

   -   -   -   -   -   -   -

   -   -   -   -   -   -   -

   -   -   -   -   -   -   -

   -   -   -   -   -   -   -

   -   -   -   -   -   -   -
[0m PLAYER MOVE 
handled by thread, thread id: 1
elapsed time performing move: = 0.012061 seconds
Finished searching through positions in tree:-14 max depth:284 bestTotal time = 0.000265 seconds
[31m COMPUTER MOVE 
handled by thread, thread id: 0
elapsed time performing move: = 0.012359 seconds
Finished searching through positions in tree:7 max depth:3 best move:-1


Board:

   X   X   O   -   -   -   -

   -   -   -   -   -   -   -

   -   -   -   -   -   -   -

   -   -   -   -   -   -   -

   -   -   -   -   -   -   -

   -   -   -   -   -   -   -

   -   -   -   -   -   -   -
[0m PLAYER MOVE 
handled by thread, thread id: 0
elapsed time performing move: = 0.012371 seconds
Finished searching through positions in tree:-14 max depth:284 bestTotal time = 0.000155 seconds
[31m COMPUTER MOVE 
handled by thread, thread id: 0
elapsed time performing move: = 0.012528 seconds
Finished searching through positions in tree:9 max depth:4 best move:-1


Board:

   X   X   O   -   -   -   -

   -   -   -   -   -   -   -

   -   -   -   -   -   -   -

   -   -   -   -   -   -   -

   -   -   -   -   -   -   -

   -   -   -   -   -   -   -

   -   -   -   -   -   -   -
[0m PLAYER MOVE 
handled by thread, thread id: 0
elapsed time performing move: = 0.012541 seconds
Finished searching through positions in tree:-14 max depth:284 bestTotal time = 0.000236 seconds
[31m COMPUTER MOVE 
handled by thread, thread id: 0
elapsed time performing move: = 0.012779 seconds
Finished searching through positions in tree:6 max depth:2 best move:14


Board:

   X   X   O   X   -   -   -

   -   -   -   -   -   -   -

   -   -   -   -   -   -   -

   -   -   -   -   -   -   -

   -   -   -   -   -   -   -

   -   -   -   -   -   -   -

   -   -   -   -   -   -   -
[0m PLAYER MOVE 
handled by thread, thread id: 0
elapsed time performing move: = 0.012791 seconds
Finished searching through positions in tree:-14 max depth:284 bestTotal time = 0.001370 seconds
[31m COMPUTER MOVE 
handled by thread, thread id: 1
elapsed time performing move: = 0.013434 seconds
Finished searching through positions in tree:60 max depth:19 best move:1


Board:

   -   -   -   -   -   -   -

   -   -   -   -   -   -   -

   -   -   -   -   -   -   -

   -   -   -   -   -   -   -

   -   -   -   -   -   -   -

   -   -   -   -   -   -   -

   -   -   -   -   -   -   -
[0m PLAYER MOVE 
handled by thread, thread id: 1
elapsed time performing move: = 0.013487 seconds
Finished searching through positions in tree:-14 max depth:284 bestTotal time = 0.000950 seconds
[31m COMPUTER MOVE 
handled by thread, thread id: 0
elapsed time performing move: = 0.013743 seconds
Finished searching through positions in tree:42 max depth:6 best move:2


Board:

   X   X   O   X   -   -   -

   -   -   -   -   -   -   -

   -   -   -   -   -   -   -

   -   -   -   -   -   -   -

   -   -   -   -   -   -   -

   -   -   -   -   -   -   -

   -   -   -   -   -   -   -
[0m PLAYER MOVE 
handled by thread, thread id: 0
elapsed time performing move: = 0.013771 seconds
Finished searching through positions in tree:0 max depth:284 bestTotal time = 0.001080 seconds
[31m COMPUTER MOVE 
handled by thread, thread id: 0
elapsed time performing move: = 0.014853 seconds
Finished searching through positions in tree:46 max depth:22 best move:2


Board:

   X   X   O   X   -   -   -

   -   -   -   -   -   -   -

   -   -   -   -   -   -   -

   -   -   -   -   -   -   -

   -   -   -   -   -   -   -

   -   -   -   -   -   -   -

   -   -   -   -   -   -   -
[0m PLAYER MOVE 
handled by thread, thread id: 0
elapsed time performing move: = 0.014904 seconds
Finished searching through positions in tree:-14 max depth:284 bestTotal time = 0.001480 seconds
[31m COMPUTER MOVE 
handled by thread, thread id: 1
elapsed time performing move: = 0.014968 seconds
Finished searching through positions in tree:55 max depth:16 best move:1


Board:

   -   -   -   -   -   -   -

   -   -   -   -   -   -   -

   -   -   -   -   -   -   -

   -   -   -   -   -   -   -

   -   -   -   -   -   -   -

   -   -   -   -   -   -   -

   -   -   -   -   -   -   -
[0m PLAYER MOVE 
handled by thread, thread id: 1
elapsed time performing move: = 0.015011 seconds
Finished searching through positions in tree:-14 max depth:284 bestTotal time = 0.001315 seconds
[31m COMPUTER MOVE 
handled by thread, thread id: 0
elapsed time performing move: = 0.016221 seconds
Finished searching through positions in tree:51 max depth:10 best move:1


Board:

   X   X   O   X   -   -   -

   -   -   -   -   -   -   -

   -   -   -   -   -   -   -

   -   -   -   -   -   -   -

   -   -   -   -   -   -   -

   -   -   -   -   -   -   -

   -   -   -   -   -   -   -
[0m PLAYER MOVE 
handled by thread, thread id: 0
elapsed time performing move: = 0.016255 seconds
Finished searching through positions in tree:-14 max depth:284 bestTotal time = 0.001566 seconds
[31m COMPUTER MOVE 
handled by thread, thread id: 1
elapsed time performing move: = 0.016579 seconds
Finished searching through positions in tree:56 max depth:17 best move:1


Board:

   -   -   -   -   -   -   -

   -   -   -   -   -   -   -

   -   -   -   -   -   -   -

   -   -   -   -   -   -   -

   -   -   -   -   -   -   -

   -   -   -   -   -   -   -

   -   -   -   -   -   -   -
[0m PLAYER MOVE 
handled by thread, thread id: 1
elapsed time performing move: = 0.016622 seconds
Finished searching through positions in tree:-14 max depth:284 bestTotal time = 0.001283 seconds
[31m COMPUTER MOVE 
handled by thread, thread id: 0
elapsed time performing move: = 0.017540 seconds
Finished searching through positions in tree:50 max depth:15 best move:2


Board:

   X   X   O   X   -   -   -

   -   -   -   -   -   -   -

   -   -   -   -   -   -   -

   -   -   -   -   -   -   -

   -   -   -   -   -   -   -

   -   -   -   -   -   -   -

   -   -   -   -   -   -   -
[0m PLAYER MOVE 
handled by thread, thread id: 0
elapsed time performing move: = 0.017589 seconds
Finished searching through positions in tree:-14 max depth:284 bestTotal time = 0.001565 seconds
[31m COMPUTER MOVE 
handled by thread, thread id: 1
elapsed time performing move: = 0.018190 seconds
Finished searching through positions in tree:54 max depth:16 best move:1


Board:

   -   -   -   -   -   -   -

   -   -   -   -   -   -   -

   -   -   -   -   -   -   -

   -   -   -   -   -   -   -

   -   -   -   -   -   -   -

   -   -   -   -   -   -   -

   -   -   -   -   -   -   -
[0m PLAYER MOVE 
handled by thread, thread id: 1
elapsed time performing move: = 0.018242 seconds
Finished searching through positions in tree:-14 max depth:284 bestTotal time = 0.001201 seconds
[31m COMPUTER MOVE 
handled by thread, thread id: 0
elapsed time performing move: = 0.018792 seconds
Finished searching through positions in tree:43 max depth:6 best move:-2


Board:

   X   X   O   X   -   -   -

   -   -   -   -   -   -   -

   -   -   -   -   -   -   -

   -   -   -   -   -   -   -

   -   -   -   -   -   -   -

   -   -   -   -   -   -   -

   -   -   -   -   -   -   -
[0m PLAYER MOVE 
handled by thread, thread id: 0
elapsed time performing move: = 0.018814 seconds
Finished searching through positions in tree:-14 max depth:284 bestTotal time = 0.001399 seconds
[31m COMPUTER MOVE 
handled by thread, thread id: 0
elapsed time performing move: = 0.020214 seconds
Finished searching through positions in tree:48 max depth:13 best move:2


Board:

   X   X   O   X   -   -   -

   -   -   -   -   -   -   -

   -   -   -   -   -   -   -

   -   -   -   -   -   -   -

   -   -   -   -   -   -   -

   -   -   -   -   -   -   -

   -   -   -   -   -   -   -
[0m PLAYER MOVE 
handled by thread, thread id: 0
elapsed time performing move: = 0.020257 seconds
Finished searching through positions in tree:-14 max depth:284 bestTotal time = 0.001878 seconds
[31m COMPUTER MOVE 
handled by thread, thread id: 1
elapsed time performing move: = 0.020122 seconds
Finished searching through positions in tree:55 max depth:22 best move:1


Board:

   -   -   -   -   -   -   -

   -   -   -   -   -   -   -

   -   -   -   -   -   -   -

   -   -   -   -   -   -   -

   -   -   -   -   -   -   -

   -   -   -   -   -   -   -

   -   -   -   -   -   -   -
[0m PLAYER MOVE 
handled by thread, thread id: 1
elapsed time performing move: = 0.020166 seconds
Finished searching through positions in tree:-14 max depth:284 bestTotal time = 0.001420 seconds
[31m COMPUTER MOVE 
handled by thread, thread id: 0
elapsed time performing move: = 0.021679 seconds
Finished searching through positions in tree:44 max depth:22 best move:1


Board:

   X   X   O   X   -   -   -

   -   -   -   -   -   -   -

   -   -   -   -   -   -   -

   -   -   -   -   -   -   -

   -   -   -   -   -   -   -

   -   -   -   -   -   -   -

   -   -   -   -   -   -   -
[0m PLAYER MOVE 
handled by thread, thread id: 0
elapsed time performing move: = 0.021717 seconds
Finished searching through positions in tree:-14 max depth:284 bestTotal time = 0.001816 seconds
[31m COMPUTER MOVE 
handled by thread, thread id: 1
elapsed time performing move: = 0.021983 seconds
Finished searching through positions in tree:49 max depth:24 best move:1


Board:

   -   -   -   -   -   -   -

   -   -   -   -   -   -   -

   -   -   -   -   -   -   -

   -   -   -   -   -   -   -

   -   -   -   -   -   -   -

   -   -   -   -   -   -   -

   -   -   -   -   -   -   -
[0m PLAYER MOVE 
handled by thread, thread id: 1
elapsed time performing move: = 0.022026 seconds
Finished searching through positions in tree:0 max depth:284 bestTotal time = 0.001101 seconds
[31m COMPUTER MOVE 
handled by thread, thread id: 0
elapsed time performing move: = 0.022821 seconds
Finished searching through positions in tree:52 max depth:20 best move:-2


Board:

   X   X   O   X   -   -   -

   -   -   -   -   -   -   -

   -   -   -   -   -   -   -

   -   -   -   -   -   -   -

   -   -   -   -   -   -   -

   -   -   -   -   -   -   -

   -   -   -   -   -   -   -
[0m PLAYER MOVE 
handled by thread, thread id: 0
elapsed time performing move: = 0.022868 seconds
Finished searching through positions in tree:-14 max depth:284 bestTotal time = 0.001345 seconds
[31m COMPUTER MOVE 
handled by thread, thread id: 1
elapsed time performing move: = 0.023372 seconds
Finished searching through positions in tree:51 max depth:15 best move:11


Board:

   X   -   -   -   -   -   -

   -   -   -   -   -   -   -

   -   -   -   -   -   -   -

   -   -   -   -   -   -   -

   -   -   -   -   -   -   -

   -   -   -   -   -   -   -

   -   -   -   -   -   -   -
[0m PLAYER MOVE 
handled by thread, thread id: 1
elapsed time performing move: = 0.023424 seconds
Finished searching through positions in tree:-14 max depth:284 bestTotal time = 0.001154 seconds
[31m COMPUTER MOVE 
handled by thread, thread id: 0
elapsed time performing move: = 0.024024 seconds
Finished searching through positions in tree:42 max depth:14 best move:-2


Board:

   X   X   O   X   -   -   -

   -   -   -   -   -   -   -

   -   -   -   -   -   -   -

   -   -   -   -   -   -   -

   -   -   -   -   -   -   -

   -   -   -   -   -   -   -

   -   -   -   -   -   -   -
[0m PLAYER MOVE 
handled by thread, thread id: 0
elapsed time performing move: = 0.024062 seconds
Finished searching through positions in tree:-14 max depth:284 bestTotal time = 0.001556 seconds
[31m COMPUTER MOVE 
handled by thread, thread id: 1
elapsed time performing move: = 0.024982 seconds
Finished searching through positions in tree:53 max depth:15 best move:-1


Board:

   X   -   -   -   -   -   -

   -   -   -   -   -   -   -

   -   -   -   -   -   -   -

   -   -   -   -   -   -   -

   -   -   -   -   -   -   -

   -   -   -   -   -   -   -

   -   -   -   -   -   -   -
[0m PLAYER MOVE 
handled by thread, thread id: 1
elapsed time performing move: = 0.025052 seconds
Finished searching through positions in tree:-14 max depth:284 bestTotal time = 0.001185 seconds
[31m COMPUTER MOVE 
handled by thread, thread id: 0
elapsed time performing move: = 0.025249 seconds
Finished searching through positions in tree:47 max depth:10 best move:2


Board:

   X   X   O   X   -   -   -

   -   -   -   -   -   -   -

   -   -   -   -   -   -   -

   -   -   -   -   -   -   -

   -   -   -   -   -   -   -

   -   -   -   -   -   -   -

   -   -   -   -   -   -   -
[0m PLAYER MOVE 
handled by thread, thread id: 0
elapsed time performing move: = 0.025284 seconds
Finished searching through positions in tree:-14 max depth:284 bestTotal time = 0.001328 seconds
[31m COMPUTER MOVE 
handled by thread, thread id: 0
elapsed time performing move: = 0.026613 seconds
Finished searching through positions in tree:45 max depth:16 best move:-2


Board:

   X   X   O   X   -   -   -

   -   -   -   -   -   -   -

   -   -   -   -   -   -   -

   -   -   -   -   -   -   -

   -   -   -   -   -   -   -

   -   -   -   -   -   -   -

   -   -   -   -   -   -   -
[0m PLAYER MOVE 
handled by thread, thread id: 0
elapsed time performing move: = 0.026652 seconds
Finished searching through positions in tree:-14 max depth:284 bestTotal time = 0.001592 seconds
[31m COMPUTER MOVE 
handled by thread, thread id: 1
elapsed time performing move: = 0.026646 seconds
Finished searching through positions in tree:52 max depth:16 best move:-1


Board:

   X   -   -   -   -   -   -

   -   -   -   -   -   -   -

   -   -   -   -   -   -   -

   -   -   -   -   -   -   -

   -   -   -   -   -   -   -

   -   -   -   -   -   -   -

   -   -   -   -   -   -   -
[0m PLAYER MOVE 
handled by thread, thread id: 1
elapsed time performing move: = 0.026689 seconds
Finished searching through positions in tree:-14 max depth:284 bestTotal time = 0.000937 seconds
[31m COMPUTER MOVE 
handled by thread, thread id: 0
elapsed time performing move: = 0.027590 seconds
Finished searching through positions in tree:46 max depth:8 best move:-2


Board:

   X   X   O   X   -   -   -

   -   -   -   -   -   -   -

   -   -   -   -   -   -   -

   -   -   -   -   -   -   -

   -   -   -   -   -   -   -

   -   -   -   -   -   -   -

   -   -   -   -   -   -   -
[0m PLAYER MOVE 
handled by thread, thread id: 0
elapsed time performing move: = 0.027624 seconds
Finished searching through positions in tree:-14 max depth:284 bestTotal time = 0.001169 seconds
[31m COMPUTER MOVE 
handled by thread, thread id: 1
elapsed time performing move: = 0.027860 seconds
Finished searching through positions in tree:51 max depth:14 best move:-2


Board:

   X   -   -   -   -   -   -

   -   -   -   -   -   -   -

   -   -   -   -   -   -   -

   -   -   -   -   -   -   -

   -   -   -   -   -   -   -

   -   -   -   -   -   -   -

   -   -   -   -   -   -   -
[0m PLAYER MOVE 
handled by thread, thread id: 1
elapsed time performing move: = 0.027912 seconds
Finished searching through positions in tree:-14 max depth:284 bestTotal time = 0.001495 seconds
[31m COMPUTER MOVE 
handled by thread, thread id: 0
elapsed time performing move: = 0.029121 seconds
Finished searching through positions in tree:42 max depth:8 best move:-2


Board:

   X   X   O   X   -   -   -

   -   -   -   -   -   -   -

   -   -   -   -   -   -   -

   -   -   -   -   -   -   -

   -   -   -   -   -   -   -

   -   -   -   -   -   -   -

   -   -   -   -   -   -   -
[0m PLAYER MOVE 
handled by thread, thread id: 0
elapsed time performing move: = 0.029153 seconds
Finished searching through positions in tree:-14 max depth:284 bestTotal time = 0.001815 seconds
[31m COMPUTER MOVE 
handled by thread, thread id: 1
elapsed time performing move: = 0.029729 seconds
Finished searching through positions in tree:52 max depth:14 best move:12


Board:

   X   X   -   -   -   -   -

   -   -   -   -   -   -   -

   -   -   -   -   -   -   -

   -   -   -   -   -   -   -

   -   -   -   -   -   -   -

   -   -   -   -   -   -   -

   -   -   -   -   -   -   -
[0m PLAYER MOVE 
handled by thread, thread id: 1
elapsed time performing move: = 0.029772 seconds
Finished searching through positions in tree:-1 max depth:284 bestTotal time = 0.000107 seconds
[31m COMPUTER MOVE 
handled by thread, thread id: 1
elapsed time performing move: = 0.029881 seconds
Finished searching through positions in tree:5 max depth:2 best move:1


Board:

   X   X   -   -   -   -   -

   -   -   -   -   -   -   -

   -   -   -   -   -   -   -

   -   -   -   -   -   -   -

   -   -   -   -   -   -   -

   -   -   -   -   -   -   -

   -   -   -   -   -   -   -
[0m PLAYER MOVE 
handled by thread, thread id: 1
elapsed time performing move: = 0.029890 seconds
Finished searching through positions in tree:-1 max depth:284 bestTotal time = 0.000110 seconds
[31m COMPUTER MOVE 
handled by thread, thread id: 1
elapsed time performing move: = 0.030000 seconds
Finished searching through positions in tree:4 max depth:2 best move:1


Board:

   X   X   -   -   -   -   -

   -   -   -   -   -   -   -

   -   -   -   -   -   -   -

   -   -   -   -   -   -   -

   -   -   -   -   -   -   -

   -   -   -   -   -   -   -

   -   -   -   -   -   -   -
[0m PLAYER MOVE 
handled by thread, thread id: 1
elapsed time performing move: = 0.030009 seconds
Finished searching through positions in tree:-1 max depth:284 bestTotal time = 0.000120 seconds
[31m COMPUTER MOVE 
handled by thread, thread id: 1
elapsed time performing move: = 0.030131 seconds
Finished searching through positions in tree:3 max depth:1 best move:13


Board:

   X   X   X   -   -   -   -

   -   -   -   -   -   -   -

   -   -   -   -   -   -   -

   -   -   -   -   -   -   -

   -   -   -   -   -   -   -

   -   -   -   -   -   -   -

   -   -   -   -   -   -   -
[0m PLAYER MOVE 
handled by thread, thread id: 1
elapsed time performing move: = 0.030140 seconds
Game over!
Computer Wins
Finished searching through positions in tree:0 max depth:284 bestTotal time = 0.001136 seconds
[31m COMPUTER MOVE 
handled by thread, thread id: 0
elapsed time performing move: = 0.030292 seconds
Finished searching through positions in tree:23 max depth:11 best move:15


Board:

   X   X   O   X   X   -   -

   -   -   -   -   -   -   -

   -   -   -   -   -   -   -

   -   -   -   -   -   -   -

   -   -   -   -   -   -   -

   -   -   -   -   -   -   -

   -   -   -   -   -   -   -
[0m PLAYER MOVE 
handled by thread, thread id: 0
elapsed time performing move: = 0.030328 seconds
Finished searching through positions in tree:-1 max depth:284 bestTotal time = 0.000149 seconds
[31m COMPUTER MOVE 
handled by thread, thread id: 0
elapsed time performing move: = 0.030479 seconds
Finished searching through positions in tree:19 max depth:9 best move:17


Board:

   X   X   O   X   X   O   X

   -   -   -   -   -   -   -

   -   -   -   -   -   -   -

   -   -   -   -   -   -   -

   -   -   -   -   -   -   -

   -   -   -   -   -   -   -

   -   -   -   -   -   -   -
[0m PLAYER MOVE 
handled by thread, thread id: 0
elapsed time performing move: = 0.030512 seconds
Finished searching through positions in tree:-14 max depth:284 bestTotal time = 0.000986 seconds
[31m COMPUTER MOVE 
handled by thread, thread id: 0
elapsed time performing move: = 0.031500 seconds
Finished searching through positions in tree:5 max depth:2 best move:20


Board:

   X   X   O   X   X   O   X

   X   -   -   -   -   -   -

   O   -   -   -   -   -   -

   -   -   -   -   -   -   -

   -   -   -   -   -   -   -

   -   -   -   -   -   -   -

   -   -   -   -   -   -   -
[0m PLAYER MOVE 
handled by thread, thread id: 0
elapsed time performing move: = 0.031512 seconds
Finished searching through positions in tree:-14 max depth:284 bestTotal time = 0.000801 seconds
[31m COMPUTER MOVE 
handled by thread, thread id: 0
elapsed time performing move: = 0.032315 seconds
Game over!
Human Wins
Elapsed game time = 0.033480 seconds